# JRE version: OpenJDK Runtime Environment (8.0_282-b08) (build 1.8.0_282-b08)
# Java VM: OpenJDK 64-Bit Server VM (25.282-b08 mixed mode windows-amd64 compressed oops)
Heap:
 PSYoungGen      total 409600K, used 255880K [0x0000000755a00000, 0x0000000776b80000, 0x00000007c0000000)
  eden space 372224K, 68% used [0x0000000755a00000,0x00000007653e2378,0x000000076c580000)
  from space 37376K, 0% used [0x000000076c580000,0x000000076c580000,0x000000076ea00000)
  to   space 39424K, 0% used [0x0000000774500000,0x0000000774500000,0x0000000776b80000)
 ParOldGen       total 292352K, used 61141K [0x0000000680e00000, 0x0000000692b80000, 0x0000000755a00000)
  object space 292352K, 20% used [0x0000000680e00000,0x00000006849b55a0,0x0000000692b80000)
 Metaspace       used 58622K, capacity 59847K, committed 60032K, reserved 1101824K
  class space    used 8272K, capacity 8513K, committed 8576K, reserved 1048576K
GC Heap History (10 events):
Event: 5.161 GC heap before
{Heap before GC invocations=8 (full 2):
 PSYoungGen      total 292352K, used 13541K [0x0000000755a00000, 0x000000076c480000, 0x00000007c0000000)
  eden space 278528K, 0% used [0x0000000755a00000,0x0000000755a00000,0x0000000766a00000)
  from space 13824K, 97% used [0x000000076b700000,0x000000076c439680,0x000000076c480000)
  to   space 27136K, 0% used [0x0000000768f80000,0x0000000768f80000,0x000000076aa00000)
 ParOldGen       total 130560K, used 11365K [0x0000000680e00000, 0x0000000688d80000, 0x0000000755a00000)
  object space 130560K, 8% used [0x0000000680e00000,0x00000006819194e0,0x0000000688d80000)
 Metaspace       used 34696K, capacity 35283K, committed 35496K, reserved 1079296K
  class space    used 4706K, capacity 4849K, committed 4864K, reserved 1048576K
Event: 5.214 GC heap after
Heap after GC invocations=8 (full 2):
 PSYoungGen      total 292352K, used 0K [0x0000000755a00000, 0x000000076c480000, 0x00000007c0000000)
  eden space 278528K, 0% used [0x0000000755a00000,0x0000000755a00000,0x0000000766a00000)
  from space 13824K, 0% used [0x000000076b700000,0x000000076b700000,0x000000076c480000)
  to   space 27136K, 0% used [0x0000000768f80000,0x0000000768f80000,0x000000076aa00000)
 ParOldGen       total 200704K, used 23433K [0x0000000680e00000, 0x000000068d200000, 0x0000000755a00000)
  object space 200704K, 11% used [0x0000000680e00000,0x00000006824e2540,0x000000068d200000)
 Metaspace       used 34696K, capacity 35283K, committed 35496K, reserved 1079296K
  class space    used 4706K, capacity 4849K, committed 4864K, reserved 1048576K
}
Event: 138.027 GC heap before
{Heap before GC invocations=9 (full 2):
 PSYoungGen      total 292352K, used 278528K [0x0000000755a00000, 0x000000076c480000, 0x00000007c0000000)
  eden space 278528K, 100% used [0x0000000755a00000,0x0000000766a00000,0x0000000766a00000)
  from space 13824K, 0% used [0x000000076b700000,0x000000076b700000,0x000000076c480000)
  to   space 27136K, 0% used [0x0000000768f80000,0x0000000768f80000,0x000000076aa00000)
 ParOldGen       total 200704K, used 23433K [0x0000000680e00000, 0x000000068d200000, 0x0000000755a00000)
  object space 200704K, 11% used [0x0000000680e00000,0x00000006824e2540,0x000000068d200000)
 Metaspace       used 51913K, capacity 52559K, committed 52992K, reserved 1095680K
  class space    used 7236K, capacity 7403K, committed 7424K, reserved 1048576K
Event: 138.041 GC heap after
Heap after GC invocations=9 (full 2):
 PSYoungGen      total 344064K, used 17827K [0x0000000755a00000, 0x0000000770380000, 0x00000007c0000000)
  eden space 316928K, 0% used [0x0000000755a00000,0x0000000755a00000,0x0000000768f80000)
  from space 27136K, 65% used [0x0000000768f80000,0x000000076a0e8e90,0x000000076aa00000)
  to   space 26112K, 0% used [0x000000076ea00000,0x000000076ea00000,0x0000000770380000)
 ParOldGen       total 200704K, used 23441K [0x0000000680e00000, 0x000000068d200000, 0x0000000755a00000)
  object space 200704K, 11% used [0x0000000680e00000,0x00000006824e4540,0x000000068d200000)
 Metaspace       used 51913K, capacity 52559K, committed 52992K, reserved 1095680K
  class space    used 7236K, capacity 7403K, committed 7424K, reserved 1048576K
}
Event: 139.545 GC heap before
{Heap before GC invocations=10 (full 2):
 PSYoungGen      total 344064K, used 334755K [0x0000000755a00000, 0x0000000770380000, 0x00000007c0000000)
  eden space 316928K, 100% used [0x0000000755a00000,0x0000000768f80000,0x0000000768f80000)
  from space 27136K, 65% used [0x0000000768f80000,0x000000076a0e8e90,0x000000076aa00000)
  to   space 26112K, 0% used [0x000000076ea00000,0x000000076ea00000,0x0000000770380000)
 ParOldGen       total 200704K, used 23441K [0x0000000680e00000, 0x000000068d200000, 0x0000000755a00000)
  object space 200704K, 11% used [0x0000000680e00000,0x00000006824e4540,0x000000068d200000)
 Metaspace       used 56811K, capacity 57823K, committed 57984K, reserved 1099776K
  class space    used 8081K, capacity 8295K, committed 8320K, reserved 1048576K
Event: 139.555 GC heap after
Heap after GC invocations=10 (full 2):
 PSYoungGen      total 398336K, used 26110K [0x0000000755a00000, 0x0000000774400000, 0x00000007c0000000)
  eden space 372224K, 0% used [0x0000000755a00000,0x0000000755a00000,0x000000076c580000)
  from space 26112K, 99% used [0x000000076ea00000,0x000000077037fa00,0x0000000770380000)
  to   space 37376K, 0% used [0x000000076c580000,0x000000076c580000,0x000000076ea00000)
 ParOldGen       total 200704K, used 41794K [0x0000000680e00000, 0x000000068d200000, 0x0000000755a00000)
  object space 200704K, 20% used [0x0000000680e00000,0x00000006836d0bd8,0x000000068d200000)
 Metaspace       used 56811K, capacity 57823K, committed 57984K, reserved 1099776K
  class space    used 8081K, capacity 8295K, committed 8320K, reserved 1048576K
}
Event: 139.896 GC heap before
{Heap before GC invocations=11 (full 2):
 PSYoungGen      total 398336K, used 171065K [0x0000000755a00000, 0x0000000774400000, 0x00000007c0000000)
  eden space 372224K, 38% used [0x0000000755a00000,0x000000075e78edd8,0x000000076c580000)
  from space 26112K, 99% used [0x000000076ea00000,0x000000077037fa00,0x0000000770380000)
  to   space 37376K, 0% used [0x000000076c580000,0x000000076c580000,0x000000076ea00000)
 ParOldGen       total 200704K, used 41794K [0x0000000680e00000, 0x000000068d200000, 0x0000000755a00000)
  object space 200704K, 20% used [0x0000000680e00000,0x00000006836d0bd8,0x000000068d200000)
 Metaspace       used 57782K, capacity 58979K, committed 59136K, reserved 1099776K
  class space    used 8220K, capacity 8433K, committed 8448K, reserved 1048576K
Event: 139.905 GC heap after
Heap after GC invocations=11 (full 2):
 PSYoungGen      total 409600K, used 29977K [0x0000000755a00000, 0x0000000776b80000, 0x00000007c0000000)
  eden space 372224K, 0% used [0x0000000755a00000,0x0000000755a00000,0x000000076c580000)
  from space 37376K, 80% used [0x000000076c580000,0x000000076e2c6598,0x000000076ea00000)
  to   space 39424K, 0% used [0x0000000774500000,0x0000000774500000,0x0000000776b80000)
 ParOldGen       total 200704K, used 41802K [0x0000000680e00000, 0x000000068d200000, 0x0000000755a00000)
  object space 200704K, 20% used [0x0000000680e00000,0x00000006836d2bd8,0x000000068d200000)
 Metaspace       used 57782K, capacity 58979K, committed 59136K, reserved 1099776K
  class space    used 8220K, capacity 8433K, committed 8448K, reserved 1048576K
}
Event: 139.905 GC heap before
{Heap before GC invocations=12 (full 3):
 PSYoungGen      total 409600K, used 29977K [0x0000000755a00000, 0x0000000776b80000, 0x00000007c0000000)
  eden space 372224K, 0% used [0x0000000755a00000,0x0000000755a00000,0x000000076c580000)
  from space 37376K, 80% used [0x000000076c580000,0x000000076e2c6598,0x000000076ea00000)
  to   space 39424K, 0% used [0x0000000774500000,0x0000000774500000,0x0000000776b80000)
 ParOldGen       total 200704K, used 41802K [0x0000000680e00000, 0x000000068d200000, 0x0000000755a00000)
  object space 200704K, 20% used [0x0000000680e00000,0x00000006836d2bd8,0x000000068d200000)
 Metaspace       used 57782K, capacity 58979K, committed 59136K, reserved 1099776K
  class space    used 8220K, capacity 8433K, committed 8448K, reserved 1048576K
Event: 140.074 GC heap after
Heap after GC invocations=12 (full 3):
 PSYoungGen      total 409600K, used 0K [0x0000000755a00000, 0x0000000776b80000, 0x00000007c0000000)
  eden space 372224K, 0% used [0x0000000755a00000,0x0000000755a00000,0x000000076c580000)
  from space 37376K, 0% used [0x000000076c580000,0x000000076c580000,0x000000076ea00000)
  to   space 39424K, 0% used [0x0000000774500000,0x0000000774500000,0x0000000776b80000)
 ParOldGen       total 292352K, used 61141K [0x0000000680e00000, 0x0000000692b80000, 0x0000000755a00000)
  object space 292352K, 20% used [0x0000000680e00000,0x00000006849b55a0,0x0000000692b80000)
 Metaspace       used 57782K, capacity 58979K, committed 59136K, reserved 1099776K
  class space    used 8220K, capacity 8433K, committed 8448K, reserved 1048576K
}

